{"/Users/Nabeel/Documents/Full Sail World/Year 3/Web Deployment /march/URL-Shortener/src/server.js":{"path":"/Users/Nabeel/Documents/Full Sail World/Year 3/Web Deployment /march/URL-Shortener/src/server.js","s":{"1":1,"2":1,"3":1,"4":1,"5":1,"6":1,"7":1,"8":1,"9":1,"10":1,"11":1},"b":{},"f":{},"fnMap":{},"statementMap":{"1":{"start":{"line":2,"column":0},"end":{"line":2,"column":35}},"2":{"start":{"line":3,"column":0},"end":{"line":3,"column":42}},"3":{"start":{"line":6,"column":0},"end":{"line":6,"column":22}},"4":{"start":{"line":8,"column":0},"end":{"line":8,"column":39}},"5":{"start":{"line":11,"column":0},"end":{"line":11,"column":18}},"6":{"start":{"line":14,"column":0},"end":{"line":14,"column":51}},"7":{"start":{"line":15,"column":0},"end":{"line":15,"column":27}},"8":{"start":{"line":18,"column":0},"end":{"line":20,"column":3}},"9":{"start":{"line":19,"column":2},"end":{"line":19,"column":68}},"10":{"start":{"line":23,"column":0},"end":{"line":23,"column":43}},"11":{"start":{"line":26,"column":0},"end":{"line":26,"column":24}}},"branchMap":{}},"/Users/Nabeel/Documents/Full Sail World/Year 3/Web Deployment /march/URL-Shortener/src/lib/debug.js":{"path":"/Users/Nabeel/Documents/Full Sail World/Year 3/Web Deployment /march/URL-Shortener/src/lib/debug.js","s":{"1":1,"2":1,"3":1,"4":8,"5":0,"6":0,"7":0,"8":0,"9":0,"10":0,"11":0,"12":0,"13":0,"14":1},"b":{"1":[0,8],"2":[0,0],"3":[0,0],"4":[0,0]},"f":{"1":8},"fnMap":{"1":{"name":"debug","line":8,"loc":{"start":{"line":8,"column":0},"end":{"line":8,"column":29}}}},"statementMap":{"1":{"start":{"line":4,"column":0},"end":{"line":4,"column":33}},"2":{"start":{"line":5,"column":0},"end":{"line":5,"column":25}},"3":{"start":{"line":8,"column":0},"end":{"line":25,"column":1}},"4":{"start":{"line":9,"column":2},"end":{"line":24,"column":3}},"5":{"start":{"line":10,"column":4},"end":{"line":14,"column":5}},"6":{"start":{"line":11,"column":6},"end":{"line":11,"column":38}},"7":{"start":{"line":12,"column":11},"end":{"line":14,"column":5}},"8":{"start":{"line":13,"column":6},"end":{"line":13,"column":36}},"9":{"start":{"line":16,"column":4},"end":{"line":16,"column":28}},"10":{"start":{"line":17,"column":4},"end":{"line":17,"column":54}},"11":{"start":{"line":19,"column":4},"end":{"line":23,"column":7}},"12":{"start":{"line":20,"column":6},"end":{"line":22,"column":7}},"13":{"start":{"line":21,"column":8},"end":{"line":21,"column":54}},"14":{"start":{"line":27,"column":0},"end":{"line":27,"column":22}}},"branchMap":{"1":{"line":9,"type":"if","locations":[{"start":{"line":9,"column":2},"end":{"line":9,"column":2}},{"start":{"line":9,"column":2},"end":{"line":9,"column":2}}]},"2":{"line":10,"type":"if","locations":[{"start":{"line":10,"column":4},"end":{"line":10,"column":4}},{"start":{"line":10,"column":4},"end":{"line":10,"column":4}}]},"3":{"line":12,"type":"if","locations":[{"start":{"line":12,"column":11},"end":{"line":12,"column":11}},{"start":{"line":12,"column":11},"end":{"line":12,"column":11}}]},"4":{"line":20,"type":"if","locations":[{"start":{"line":20,"column":6},"end":{"line":20,"column":6}},{"start":{"line":20,"column":6},"end":{"line":20,"column":6}}]}}},"/Users/Nabeel/Documents/Full Sail World/Year 3/Web Deployment /march/URL-Shortener/src/routes/index.js":{"path":"/Users/Nabeel/Documents/Full Sail World/Year 3/Web Deployment /march/URL-Shortener/src/routes/index.js","s":{"1":1,"2":1,"3":1,"4":1,"5":1,"6":0,"7":1,"8":0,"9":0,"10":0,"11":0,"12":0,"13":0,"14":0,"15":1,"16":1},"b":{},"f":{},"fnMap":{},"statementMap":{"1":{"start":{"line":5,"column":0},"end":{"line":5,"column":37}},"2":{"start":{"line":6,"column":0},"end":{"line":6,"column":40}},"3":{"start":{"line":9,"column":0},"end":{"line":52,"column":2}},"4":{"start":{"line":11,"column":2},"end":{"line":11,"column":34}},"5":{"start":{"line":14,"column":2},"end":{"line":31,"column":5}},"6":{"start":{"line":15,"column":4},"end":{"line":30,"column":9}},"7":{"start":{"line":34,"column":2},"end":{"line":44,"column":5}},"8":{"start":{"line":35,"column":4},"end":{"line":35,"column":24}},"9":{"start":{"line":36,"column":4},"end":{"line":36,"column":49}},"10":{"start":{"line":37,"column":4},"end":{"line":43,"column":7}},"11":{"start":{"line":38,"column":6},"end":{"line":38,"column":47}},"12":{"start":{"line":39,"column":6},"end":{"line":39,"column":32}},"13":{"start":{"line":41,"column":6},"end":{"line":41,"column":81}},"14":{"start":{"line":42,"column":6},"end":{"line":42,"column":54}},"15":{"start":{"line":47,"column":2},"end":{"line":47,"column":58}},"16":{"start":{"line":51,"column":2},"end":{"line":51,"column":16}}},"branchMap":{}},"/Users/Nabeel/Documents/Full Sail World/Year 3/Web Deployment /march/URL-Shortener/src/models/url.js":{"path":"/Users/Nabeel/Documents/Full Sail World/Year 3/Web Deployment /march/URL-Shortener/src/models/url.js","s":{"1":1,"2":1,"3":1,"4":1,"5":1,"6":1,"7":1,"8":1,"9":1,"10":1,"11":1,"12":0,"13":0,"14":1,"15":0,"16":0,"17":0,"18":1,"19":1,"20":1},"b":{},"f":{},"fnMap":{},"statementMap":{"1":{"start":{"line":5,"column":0},"end":{"line":5,"column":27}},"2":{"start":{"line":8,"column":0},"end":{"line":8,"column":40}},"3":{"start":{"line":12,"column":0},"end":{"line":16,"column":2}},"4":{"start":{"line":13,"column":2},"end":{"line":13,"column":44}},"5":{"start":{"line":15,"column":2},"end":{"line":15,"column":50}},"6":{"start":{"line":19,"column":0},"end":{"line":21,"column":2}},"7":{"start":{"line":20,"column":2},"end":{"line":20,"column":44}},"8":{"start":{"line":24,"column":0},"end":{"line":36,"column":2}},"9":{"start":{"line":25,"column":2},"end":{"line":25,"column":47}},"10":{"start":{"line":27,"column":2},"end":{"line":35,"column":30}},"11":{"start":{"line":39,"column":0},"end":{"line":51,"column":2}},"12":{"start":{"line":40,"column":2},"end":{"line":40,"column":49}},"13":{"start":{"line":42,"column":2},"end":{"line":50,"column":30}},"14":{"start":{"line":55,"column":0},"end":{"line":65,"column":2}},"15":{"start":{"line":56,"column":2},"end":{"line":56,"column":50}},"16":{"start":{"line":58,"column":2},"end":{"line":64,"column":16}},"17":{"start":{"line":63,"column":4},"end":{"line":63,"column":68}},"18":{"start":{"line":68,"column":0},"end":{"line":76,"column":2}},"19":{"start":{"line":69,"column":2},"end":{"line":69,"column":52}},"20":{"start":{"line":71,"column":2},"end":{"line":75,"column":30}}},"branchMap":{}},"/Users/Nabeel/Documents/Full Sail World/Year 3/Web Deployment /march/URL-Shortener/src/models/db.js":{"path":"/Users/Nabeel/Documents/Full Sail World/Year 3/Web Deployment /march/URL-Shortener/src/models/db.js","s":{"1":1,"2":1,"3":1,"4":1,"5":1,"6":1,"7":1},"b":{},"f":{},"fnMap":{},"statementMap":{"1":{"start":{"line":6,"column":0},"end":{"line":6,"column":39}},"2":{"start":{"line":7,"column":0},"end":{"line":7,"column":27}},"3":{"start":{"line":10,"column":0},"end":{"line":22,"column":3}},"4":{"start":{"line":25,"column":0},"end":{"line":32,"column":3}},"5":{"start":{"line":35,"column":0},"end":{"line":35,"column":17}},"6":{"start":{"line":37,"column":0},"end":{"line":37,"column":30}},"7":{"start":{"line":38,"column":0},"end":{"line":38,"column":18}}},"branchMap":{}},"/Users/Nabeel/Documents/Full Sail World/Year 3/Web Deployment /march/URL-Shortener/src/routes/api/url.js":{"path":"/Users/Nabeel/Documents/Full Sail World/Year 3/Web Deployment /march/URL-Shortener/src/routes/api/url.js","s":{"1":1,"2":1,"3":1,"4":1,"5":1,"6":1,"7":1,"8":1,"9":1,"10":1,"11":0,"12":0,"13":1,"14":1,"15":1,"16":1,"17":1,"18":0,"19":1,"20":1,"21":1,"22":1,"23":1,"24":0,"25":0,"26":1,"27":1,"28":1,"29":0,"30":0,"31":0,"32":0,"33":0,"34":0,"35":1,"36":1,"37":1,"38":1,"39":0,"40":1,"41":1,"42":1},"b":{},"f":{},"fnMap":{},"statementMap":{"1":{"start":{"line":1,"column":0},"end":{"line":1,"column":40}},"2":{"start":{"line":2,"column":0},"end":{"line":2,"column":43}},"3":{"start":{"line":6,"column":0},"end":{"line":84,"column":2}},"4":{"start":{"line":8,"column":2},"end":{"line":8,"column":34}},"5":{"start":{"line":11,"column":2},"end":{"line":11,"column":47}},"6":{"start":{"line":14,"column":2},"end":{"line":29,"column":5}},"7":{"start":{"line":16,"column":4},"end":{"line":16,"column":46}},"8":{"start":{"line":17,"column":4},"end":{"line":17,"column":24}},"9":{"start":{"line":18,"column":4},"end":{"line":18,"column":38}},"10":{"start":{"line":19,"column":4},"end":{"line":28,"column":7}},"11":{"start":{"line":21,"column":6},"end":{"line":21,"column":34}},"12":{"start":{"line":22,"column":6},"end":{"line":22,"column":32}},"13":{"start":{"line":24,"column":6},"end":{"line":24,"column":37}},"14":{"start":{"line":26,"column":6},"end":{"line":26,"column":129}},"15":{"start":{"line":27,"column":6},"end":{"line":27,"column":33}},"16":{"start":{"line":33,"column":2},"end":{"line":39,"column":5}},"17":{"start":{"line":34,"column":4},"end":{"line":38,"column":7}},"18":{"start":{"line":35,"column":6},"end":{"line":35,"column":32}},"19":{"start":{"line":37,"column":6},"end":{"line":37,"column":33}},"20":{"start":{"line":42,"column":2},"end":{"line":53,"column":5}},"21":{"start":{"line":43,"column":4},"end":{"line":43,"column":24}},"22":{"start":{"line":44,"column":4},"end":{"line":44,"column":36}},"23":{"start":{"line":45,"column":4},"end":{"line":52,"column":7}},"24":{"start":{"line":46,"column":6},"end":{"line":46,"column":34}},"25":{"start":{"line":47,"column":6},"end":{"line":47,"column":32}},"26":{"start":{"line":50,"column":6},"end":{"line":50,"column":112}},"27":{"start":{"line":51,"column":6},"end":{"line":51,"column":33}},"28":{"start":{"line":57,"column":2},"end":{"line":67,"column":5}},"29":{"start":{"line":58,"column":4},"end":{"line":58,"column":24}},"30":{"start":{"line":59,"column":4},"end":{"line":59,"column":36}},"31":{"start":{"line":60,"column":4},"end":{"line":66,"column":7}},"32":{"start":{"line":61,"column":6},"end":{"line":61,"column":32}},"33":{"start":{"line":64,"column":6},"end":{"line":64,"column":135}},"34":{"start":{"line":65,"column":6},"end":{"line":65,"column":33}},"35":{"start":{"line":71,"column":2},"end":{"line":81,"column":5}},"36":{"start":{"line":72,"column":4},"end":{"line":72,"column":24}},"37":{"start":{"line":73,"column":4},"end":{"line":73,"column":36}},"38":{"start":{"line":74,"column":4},"end":{"line":80,"column":7}},"39":{"start":{"line":75,"column":6},"end":{"line":75,"column":32}},"40":{"start":{"line":78,"column":6},"end":{"line":78,"column":112}},"41":{"start":{"line":79,"column":6},"end":{"line":79,"column":33}},"42":{"start":{"line":83,"column":2},"end":{"line":83,"column":16}}},"branchMap":{}}}