TN:
SF:/Users/Nabeel/Documents/Full Sail World/Year 3/Web Deployment /march/URL-Shortener/src/server.js
FNF:0
FNH:0
DA:2,1
DA:3,1
DA:6,1
DA:8,1
DA:11,1
DA:14,1
DA:15,1
DA:18,1
DA:19,1
DA:23,1
DA:26,1
LF:11
LH:11
BRF:0
BRH:0
end_of_record
TN:
SF:/Users/Nabeel/Documents/Full Sail World/Year 3/Web Deployment /march/URL-Shortener/src/lib/debug.js
FN:8,debug
FNF:1
FNH:1
FNDA:8,debug
DA:4,1
DA:5,1
DA:8,1
DA:9,8
DA:10,0
DA:11,0
DA:12,0
DA:13,0
DA:16,0
DA:17,0
DA:19,0
DA:20,0
DA:21,0
DA:27,1
LF:14
LH:5
BRDA:9,1,0,0
BRDA:9,1,1,8
BRDA:10,2,0,0
BRDA:10,2,1,0
BRDA:12,3,0,0
BRDA:12,3,1,0
BRDA:20,4,0,0
BRDA:20,4,1,0
BRF:8
BRH:1
end_of_record
TN:
SF:/Users/Nabeel/Documents/Full Sail World/Year 3/Web Deployment /march/URL-Shortener/src/routes/index.js
FNF:0
FNH:0
DA:5,1
DA:6,1
DA:9,1
DA:11,1
DA:14,1
DA:15,0
DA:34,1
DA:35,0
DA:36,0
DA:37,0
DA:38,0
DA:39,0
DA:41,0
DA:42,0
DA:47,1
DA:51,1
LF:16
LH:8
BRF:0
BRH:0
end_of_record
TN:
SF:/Users/Nabeel/Documents/Full Sail World/Year 3/Web Deployment /march/URL-Shortener/src/models/url.js
FNF:0
FNH:0
DA:5,1
DA:8,1
DA:12,1
DA:13,1
DA:15,1
DA:19,1
DA:20,1
DA:24,1
DA:25,1
DA:27,1
DA:39,1
DA:40,0
DA:42,0
DA:54,1
DA:55,1
DA:57,1
LF:16
LH:14
BRF:0
BRH:0
end_of_record
TN:
SF:/Users/Nabeel/Documents/Full Sail World/Year 3/Web Deployment /march/URL-Shortener/src/models/db.js
FNF:0
FNH:0
DA:6,1
DA:7,1
DA:10,1
DA:25,1
DA:35,1
DA:37,1
DA:38,1
LF:7
LH:7
BRF:0
BRH:0
end_of_record
TN:
SF:/Users/Nabeel/Documents/Full Sail World/Year 3/Web Deployment /march/URL-Shortener/src/routes/api/url.js
FNF:0
FNH:0
DA:1,1
DA:2,1
DA:6,1
DA:8,1
DA:11,1
DA:14,1
DA:16,1
DA:17,1
DA:18,1
DA:19,1
DA:21,0
DA:22,0
DA:24,1
DA:26,1
DA:27,1
DA:33,1
DA:34,1
DA:35,0
DA:37,1
DA:42,1
DA:43,1
DA:44,1
DA:45,1
DA:46,0
DA:47,0
DA:50,1
DA:51,1
DA:57,1
DA:58,0
DA:59,0
DA:60,0
DA:61,0
DA:64,0
DA:65,0
DA:71,1
DA:72,1
DA:73,1
DA:74,1
DA:75,0
DA:78,1
DA:79,1
DA:83,1
LF:42
LH:30
BRF:0
BRH:0
end_of_record
